<?xml version="1.0" encoding="UTF-8"?>
<!-- Generated by org.testng.reporters.JUnitReportReporter -->
<testsuite hostname="DESKTOP-DHMDOJV" failures="0" tests="2" name="testintro.SampleTestNng" time="0.012" errors="0" timestamp="2024-06-08T16:08:04 IST" skipped="0">
  <testcase classname="testintro.SampleTestNng" name="Demo" time="0.010"/>
  <system-out/>
  <testcase classname="testintro.SampleTestNng" name="secondtc" time="0.002"/>
  <system-out/>
</testsuite> <!-- testintro.SampleTestNng -->
